6 issue with  Golden Dawn - Astoria, NY https://xaameriki.wordpress.com/ -1
7 issue with  www.wpww.net/ https://www.wpww.net/ -1
8 issue with  White Knights of the Ku Klux Klan of America https://www.whiteknightsofthekukluxklanofamerica.com/ -1
9 issue with  VDARE https://www.vdare.com -1
10 issue with  United Riot Records https://www.tumblr.com/search/united%20riot%20records -1
11 issue with  Occidental Quarterly https://www.toqonline.com/ -1
12 issue with  Stormfront https://www.stormfront.org/forum/ -1
13 issue with  Behold Barbarity https://www.storenvy.com/stores/54922-behold-barbarity -1
14 issue with  Soleil Moon Records https://www.soleilmoon.com/ -1
15 issue with  Political Islam https://www.politicalislam.com/ -1
16 issue with  Patriotic Flags https://www.patriotic-flags.com/ -1
17 issue with  Original Knight Riders Knights of the Ku Klux Klan https://www.originalknightriders.net/ -1
18 issue with  Official Street Preachers https://www.officialstreetpreachers.com/ -1
19 issue with  Nation of Islam https://www.noi.org/ -1
20 issue with  New Black Panther Party for Self Defense https://www.nbppnational.org/ -1
21 issue with  Jihad Watch https://www.jihadwatch.org/ -1
22 issue with  Identity Evropa https://www.identityevropa.com/ -1
23 issue with  Georgia Knight Riders https://www.georgiaknightriderskkk.com/ -1
24 issue with  Wolf Hook Life Clothing https://www.facebook.com/wolfhookpride -1
25 issue with  Vanguard Productions https://www.facebook.com/VanguardProdVinland/ -1
26 issue with  United Riot Records https://www.facebook.com/unitedriotrecords/ -1
27 issue with  Aryan Nation-Sadistic Souls MC/Black & Silver Solution https://www.facebook.com/Sadistic-Souls-MC-792247310797582/ -1
28 issue with  Parasitic Records https://www.facebook.com/Parasitic666Records/ -1
29 issue with  Nuclear War Now Productions https://www.facebook.com/Nuclear-War-Now-Productions-114864651994141/ ConnectionError
29 issue with  Nuclear War Now Productions https://www.facebook.com/Nuclear-War-Now-Productions-114864651994141/ ConnectionError
29 issue with  Nuclear War Now Productions https://www.facebook.com/Nuclear-War-Now-Productions-114864651994141/ -1
30 issue with  Stalhelm Records https://www.facebook.com/northerndestroyer -1
31 issue with  National Alliance Reform and Restoration Group https://www.facebook.com/natallreform/ -1
32 issue with  MSR Productions https://www.facebook.com/msr19882/ -1
33 issue with  Micetrap Distribution https://www.facebook.com/micetrap -1
34 issue with  Label 56 https://www.facebook.com/Label-56-LLC-577266465630487/ -1
35 issue with  Hostile Class Productions https://www.facebook.com/hostile.class -1
36 issue with  Hells Headbangers https://www.facebook.com/hellsheadbangers -1
37 issue with  Gallows Tree Wotanvolk Alliance https://www.facebook.com/gallowstreewotansvolk/ -1
38 issue with  American Defense Records https://www.facebook.com/disarmnever/ -1
39 issue with  Death Oracle Productions https://www.facebook.com/Death-Oracle-Productions-759295887436602/ -1
40 issue with  Behold Barbarity https://www.facebook.com/Behold-Barbarity-records-and-distro-297670707109170/ ConnectionError
40 issue with  Behold Barbarity https://www.facebook.com/Behold-Barbarity-records-and-distro-297670707109170/ ConnectionError
40 issue with  Behold Barbarity https://www.facebook.com/Behold-Barbarity-records-and-distro-297670707109170/ -1
41 issue with  White Knights of Justice https://whiteknightsofjustice.wordpress.com/ -1
42 issue with  Western Rifle Shooters https://westernrifleshooters.wordpress.com/ -1
43 issue with  Nation of Islam https://v1.noi.org/reg_western_region.htm -1
44 issue with  Nation of Islam https://v1.noi.org/reg_southwest_region.htm -1
45 issue with  Nation of Islam https://v1.noi.org/reg_southern_region.htm -1
46 issue with  The End of Zion https://theendofzion.com -1
47 issue with  Southern Future https://southernfuture.com/ -1
48 issue with  Werewolf 88 https://sites.google.com/site/werwolfeightyeight -1
49 issue with  United Dixie White Knights https://sites.google.com/site/uniteddixiewhiteknights/home -1
50 issue with  Christian American White Knights https://sites.google.com/site/americanchristianwhiteknights/ -1
51 issue with  Shotgun Barrel Straight https://shotgunwildatheart.wordpress.com/ -1
52 issue with  The Right Stuff Radio https://radio.therightstuff.biz/ -1
53 issue with  Nuclear War Now Productions https://nuclearwarnowproductions.bandcamp.com/ -1
54 issue with  National Socialist Freedom Movement https://nsfm.sharepoint.com/Pages/default.aspx -1
55 issue with  Nation of Islam https://noimm74.wordpress.com/ -1
56 issue with  National Alliance https://natall.com/ -1
57 issue with  Nation of Islam https://muhammadmosque7c.org/ -1
58 issue with  Keystone United/Keystone State Skinheads https://keystone2001united.wordpress.com/ -1
59 issue with  Jewish Task Force https://jtf.org/ -1
60 issue with  Irving Books https://irvingbooks.com/xcart/home.php -1
61 issue with  Focal Point Publications https://irvingbooks.com -1
62 issue with  Hells Headbangers https://hellsheadbangers.bandcamp.com/ -1
63 issue with  Free North Carolina https://freenorthcarolina.blogspot.com/ -1
64 issue with  Florida Fire Eater https://floridafireeater.com/ -1
65 issue with  Faith and Heritage https://faithandheritage.com/ -1
66 issue with  Nation of Islam https://etrigg.com/location/muhammad-mosque-3-4202-n-teutonia-ave-53209-milwaukee-united-states/2988321/ -1
67 issue with  Citizens for National Security https://cfns.us/ -1
68 issue with  Association for Appalachia https://appalachianrepublic.wordpress.com/ -1
69 issue with  American Vanguard https://american-vanguard.org/ -1
72 issue with  Windsor Hills Baptist Church (OK) http://www.windorhills.org -1
74 issue with  BUGS http://www.whitakeronline.org/blog/ 403
76 issue with  Washington Summit Publishers http://www.washsummit.com/ -1
78 issue with  Verity Baptist Church http://www.veritybaptist.com -1
84 issue with  Treasure Valley Refugee Watch http://www.treasurevalleyrefugeefacts.org/ 404
85 issue with  Traditionalist Youth Network http://www.tradyouth.org/ -1
88 issue with  Traditional Values Coalition http://www.traditionalvalues.org 404
90 issue with  Third Reich Books http://www.third-reich-books.com/ -1
92 issue with  Straight Way and More, The http://www.thestraightway.org/ 403
95 issue with  The Political Cesspool http://www.thepoliticalcesspool.org/ 403
97 issue with  Occidental Observer http://www.theoccidentalobserver.net/ 406
98 issue with  New Order http://www.theneworder.org/ -1
103 issue with  Texas Rebel Knights http://www.texasrebelknightskkk.com/ -1
104 issue with  United White Knights of the Ku Kiux Klan http://www.texaskkk.com/ -1
117 issue with  Aryan Nation-Sadistic Souls Skinheads/Black & Silver Solution http://www.sadisticsoulsmc.org/ -1
126 issue with  Resistance Records http://www.resistance.com/site/ 404
130 issue with  Religious Awareness Network http://www.religiousfreedomcoalition.org/ -1
131 issue with  MaineResistance (chapter of Mass Resistance) http://www.reclaimvirtue.com -1
135 issue with  ProEnglish http://www.proenglish.org -1
136 issue with  Probe Ministries http://www.probe.org -1
143 issue with  Pacific Justice Institute http://www.pacificjustice.org -1
152 issue with  NPI http://www.npiamerica.org/ -1
153 issue with  Nordic Order Knights http://www.nok311.com/ -1
155 issue with  Nation of Islam http://www.noimosque32.com/ 404
158 issue with  Nation of Islam http://www.noidallas.org/ 404
164 issue with  Nation of Islam http://www.mosque36.com/ -1
165 issue with  Nation of Islam http://www.mosque34.org/ -1
170 issue with  MassResistance Missouri (chapter) http://www.massresistancemo.org 403
174 issue with  Knights of the White Disciples http://www.knightsofthewhitedisciples.com -1
176 issue with  Loyal White Knights of the Ku Klux Klan http://www.kkkknights.com/ -1
183 issue with  Iron Clad Records http://www.ironcladrecords.com/ -1
185 issue with  Insight USA http://www.insightusa.us/ -1
188 issue with  Illinois Family Institute http://www.illinoisfamily.org 403
197 issue with  Legal Immigrants for America http://www.golifa.org -1
198 issue with  Golden State Skinheads/Solidarity http://www.goldenstateskinheads.net/forum/ -1
199 issue with  Golden State Skinheads/Solidarity http://www.goldenstateskinheads.net/ -1
203 issue with  Generations with Vision (CO) http://www.generationswithvision.com 403
204 issue with  The Free Magnolia http://www.freemagnolia.org/ -1
208 issue with  Fortress of Faith http://www.fortressoffaith.org/ -1
210 issue with  Family Watch International http://www.familywatchinternational.org 403
214 issue with  Federation for American Immigration Reform http://www.fairus.org -1
223 issue with  Christian Anti-Defamation Commission http://www.defendchristians.org/ -1
230 issue with  Counter-Currents http://www.counter-currents.com/ -1
231 issue with  Pass the Salt Ministries http://www.coachdavelive.com 403
233 issue with  Clarion Project http://www.clarionproject.org/ 403
238 issue with  Stomp Out Child Abuse Compilation http://www.chesterstomp.com/store.html -1
241 issue with  Citizens for Community Values http://www.ccv.org 403
246 issue with  Center for Family and Human Rights (C-Fam) http://www.c-fam.org 403
247 issue with  American Defense Records http://www.bulldogaggression.com/ 403
249 issue with  Borderkeepers of Alabama http://www.borderkeepersofalabama.org -1
253 issue with  Battalion 14 http://www.b14usa.org/ 403
254 issue with  www.awsnetwork.org http://www.awsnetwork.org -1
260 issue with  www.aryan-nation.org/forum/ http://www.aryan-nation.org/forum/ 408
263 issue with  United Riot Records http://www.angelfire.com/indie/unitedriotrecords/frameset.html 404
264 issue with  American Renaissance http://www.amren.com/ 403
267 issue with  Americans for Truth about Homosexuality http://www.americansfortruth.com 403
274 issue with  Altra Firearms http://www.altrafirearms.com/ -1
288 issue with  whiterabbitradio.net/ http://whiterabbitradio.net/ 403
289 issue with  White Rabbit Radio http://whiterabbitradio.net/ 403
291 issue with  whitenationalists.com/ http://whitenationalists.com/ -1
294 issue with  Vinland Clothing http://vinlandclothing.com/ 403
296 issue with  Vanguard Productions http://vanguard-productions.com/home/ 404
299 issue with  United Riot Records http://unitedriotrecords.bigcartel.com/ 404
301 issue with  Uncle Sams Misguided Children http://unclesamsmisguidedchildren.com/ -1
302 issue with  Truth Will Out Films http://truthwillout.tv/ -1
308 issue with  The Right Stuff http://therightstuff.biz/ -1
310 issue with  Supreme White Alliance http://swa43.com/forum/index.php 404
313 issue with  Invictus Books http://stores.invictusbooks.com/ -1
316 issue with  Soldiers Of the Cross Training Institute http://sotctraininginstitute.com -1
324 issue with  Remnant, The/The Remnant Press http://remnantnewspaper.com/web/index.php -1
331 issue with  American Freedom Defense Initiative http://pamelageller.com/ -1
334 issue with  NS Publications http://nspublications.com/ -1
340 issue with  Nation of Islam http://noidc.org/ ConnectionError
340 issue with  Nation of Islam http://noidc.org/ -1
342 issue with  Nation of Islam http://noibuffalo.org/ -1
345 issue with  Never Surrender Records http://neversurrenderrecords.com/ 403
346 issue with  Keystone United/Keystone State Skinheads http://myforum.kss2001.com/ -1
353 issue with  Nation of Islam http://mm29.org/ -1
363 issue with  White Pride Radio http://kkkradio.com/ -1
364 issue with  Knights of the KKK http://kkk.bz/ -1
381 issue with  Faith Baptist Church, Greenville, GA http://faithbaptistchurchprimrose.com -1
382 issue with  Faith And Heritage http://faithandheritage.com/ 403
387 issue with  Dixie Republic http://dixierepublic.com/ 403
388 issue with  Dixie Outfitters http://dixieoutfitters.com/pages/blog/category/news/interesting-email/ 404
389 issue with  Divine Truth Ministries http://divine-truth.org/ -1
393 issue with  The Creativity Movement http://creativitymovement.net/forum/ 403
394 issue with  The Creativity Movement http://creativitymovement.net/ 403
395 issue with  The Creativity Alliance http://creativityalliance.com/ -1
398 issue with  Committee for Open Debate on the Holocaust http://codoh.com/ -1
404 issue with  Center for Security Policy http://centerforsecuritypolicy.org/ ConnectionError
404 issue with  Center for Security Policy http://centerforsecuritypolicy.org/ -1
407 issue with  bootsandbraces.ning.com http://bootsandbraces.ning.com 404
408 issue with  Behold Barbarity http://beholdbarbarity.storenvy.com/ 404
409 issue with  Barnes Review/Foundation for Economic Liberty http://barnesreview.org/ ConnectionError
409 issue with  Barnes Review/Foundation for Economic Liberty http://barnesreview.org/ -1
411 issue with  Attack the System http://attackthesystem.com/ -1
413 issue with  Aryan Terror Brigade http://aryanterrorbrigade.tumblr.com/ -1
415 issue with  Andrew Carrington Hitchcock http://andrewcarringtonhitchcock.com/ 403
422 issue with  Alternative Right http://alternative-right.blogspot.com/ 404
426 issue with  American Renaissance amren.com 403
