0 NO ISSUES  Panzerfaust Records www.panzerfaust.com
1 NO ISSUES  Family Security Matters www.familysecuritymatters.org/
2 NO ISSUES  American Front www.americanfront.org
3 NO ISSUES  A light on Campus www.alightoncampus.com
4 NO ISSUES  Vdare vdare.com
5 NO ISSUES  Rense Radio rense.com
70 NO ISSUES  Yahushua DSCI Ministry http://www.yahushuadsciministry.us/
71 NO ISSUES  Word Congress of Families http://www.worldcongress.org
73 NO ISSUES  Micetrap Distribution http://www.whitepride.com/
75 NO ISSUES  www.whitakeronline.org http://www.whitakeronline.org
77 NO ISSUES  Virginia MassResistance (chapter) http://www.virginiamassresistance.org
79 NO ISSUES  Virginia Christian Alliance http://www.vachristian.org/
80 NO ISSUES  Forza Nuova http://www.usa.forzanuova.info/
81 NO ISSUES  United Families International http://www.unitedfamilies.org
82 NO ISSUES  National Prayer Network http://www.truthtellers.org/
83 NO ISSUES  True Light Pentecost Church (SC) http://www.truelightpentecost.org
86 NO ISSUES  Traditionalist Worker Party http://www.tradworker.org/
87 NO ISSUES  Tradition in Action http://www.traditioninaction.org/
89 NO ISSUES  Truth in Love Project http://www.tilproject.com/
91 NO ISSUES  United Klans of America http://www.theuka.us/
93 NO ISSUES  Social Contract Press http://www.thesocialcontract.com/
94 NO ISSUES  The Right Voice http://www.therightvoice.net/
96 NO ISSUES  www.thephora.net/forum/ http://www.thephora.net/forum/
99 NO ISSUES  All Eyes on Egipt Bookstore http://www.thenationspeaks.org/
100 NO ISSUES  Israelite Church of God in Jesus Christ, The http://www.thecomforter.info/main/
101 NO ISSUES  The Christian Identity Forum http://www.thechristianidentityforum.net/
102 NO ISSUES  Power of Prophecy http://www.texemarrs.com/
105 NO ISSUES  Team America Political Action Committee http://www.teamamericapac.com/
106 NO ISSUES  TC Family (Traverse City; MI) http://www.tcfamily.org
107 NO ISSUES  Tom Brown Ministries http://www.tbm.org
108 NO ISSUES  Stedfast Baptist Church (TX) http://www.stedfastbaptistkjv.org
109 NO ISSUES  Stalhelm Records http://www.stahlhelmrecords.com/
110 NO ISSUES  Southern Agrarian http://www.southernagrarian.com/
111 NO ISSUES  Our Place Fellowship http://www.sonplace.com/Our_Place/
112 NO ISSUES  Stop the Islamization of the World http://www.siotw.org/
113 NO ISSUES  Silver Bullet Gun Oil http://www.silverbulletgunoil.net/
114 NO ISSUES  Scriptures for America Worldwide Ministries - international outreach ministry of the LaPorte Church of Christ http://www.scripturesforamerica.org/
115 NO ISSUES  Scott-Townsend Publishers http://www.scott-townsend.com/
116 NO ISSUES  Save California http://www.savecalifornia.com
118 NO ISSUES  Ruth Institute http://www.ruthinstitute.org
119 NO ISSUES  Robert Sungenis http://www.robertsungenis.org/
120 NO ISSUES  Righteous Jews http://www.righteousjews.org/
121 NO ISSUES  Virginia Publishing Company http://www.richardhoskins.com/
122 NO ISSUES  Campaign for Radical Truth in History http://www.revisionisthistory.org
123 NO ISSUES  Divine International Church of the Web http://www.revandrewangel.com/site/index.html
124 NO ISSUES  Resistance Records http://www.resistancerecords.com/
125 NO ISSUES  White Aryan Resistance http://www.resistance88.com/index1.htm#.Vv1YzJwrLIU
127 NO ISSUES  White Aryan Resistance http://www.resist.com/
128 NO ISSUES  Reporter's notebook http://www.reportersnotebook.com/
129 NO ISSUES  Rense Radio Network http://www.renseradio.com/
132 NO ISSUES  Radix http://www.radixjournal.com/
133 NO ISSUES  Stomp Out Child Abuse Compilation http://www.punishmentblockrecords.limitedrun.com/
134 NO ISSUES  Punishment Block Records http://www.punishmentblockrecords.limitedrun.com/
137 NO ISSUES  Providence Road Baptist Church, NC http://www.prbcnc.com
138 NO ISSUES  Pray in Jesus Name Project, the http://www.prayinjesusname.org
139 NO ISSUES  Nation of Islam http://www.pghmosque22.org/
140 NO ISSUES  Center for Perpetual Diversity http://www.perpetualdiversity.com/
141 NO ISSUES  Pilgrims Covenant Church (WI) http://www.pccmonroe.org
142 NO ISSUES  Parasitic Records http://www.parasiticrecords.bigcartel.com/
144 NO ISSUES  OMNI Christian Book Club http://www.omnicbc.com/
145 NO ISSUES  Occidental Dissent http://www.occidentaldissent.com/
146 NO ISSUES  Occidental Dissent http://www.occidentaldissent.com/
147 NO ISSUES  New Yorkers for Immigration Control and Enforcement http://www.nyice.us
148 NO ISSUES  Nuclear War Now Productions http://www.nwnprod.com/forum/viewforum.php?f=2
149 NO ISSUES  Nuclear War Now Productions http://www.nwnprod.com/
150 NO ISSUES  National Socialist Movement http://www.nsm88.org/
151 NO ISSUES  NS88 Video Division http://www.ns88.com/
154 NO ISSUES  Nation of Islam http://www.noirockford.com/
156 NO ISSUES  Nation of Islam http://www.noigrandrapids.com/
157 NO ISSUES  Nation of Islam http://www.noidetroit.org/
159 NO ISSUES  Nation of Islam http://www.noicharlestonsc.org/
160 NO ISSUES  National Coalition for Immigration Reform http://www.nciraction.org
161 NO ISSUES  New Black Panther Party http://www.nbpp.org/
162 NO ISSUES  National Alliance Reform and Restoration Group http://www.narrg.com/
163 NO ISSUES  Most Holy Family Monastery http://www.mostholyfamilymonastery.com/
166 NO ISSUES  Mission to Israel http://www.missiontoisrael.org/
167 NO ISSUES  Mission: America http://www.missionamerica.com
168 NO ISSUES  Micetrap Distribution http://www.micetrap.net/
169 NO ISSUES  Micetrap Distribution http://www.micetrap.info/
171 NO ISSUES  MassResistance http://www.massresistance.org
172 NO ISSUES  Liberty Counsel http://www.lc.org
173 NO ISSUES  Label 56 http://www.label56.com/
175 NO ISSUES  Patriotic Brigade Knights of the Ku Klux Klan http://www.knightskkk.net/
177 NO ISSUES  Kingdom Identity Ministries http://www.kingidentity.com/
178 NO ISSUES  Jewish Defense League http://www.jdl.org/
179 NO ISSUES  Yahweh's Truth http://www.jameswickstrom.com/Blog/
180 NO ISSUES  Yahweh's Truth http://www.jameswickstrom.com/
181 NO ISSUES  Israelite School of Universal Practical Knowledge http://www.isupk.org/
182 NO ISSUES  ISD Records http://www.isdrecords.com/
184 NO ISSUES  Immigration Reform Law Institute http://www.irli.org
186 NO ISSUES  Inconvenient Truth http://www.inconvenienthistory.com
187 NO ISSUES  American Immigration Control Foundation http://www.immigrationcontrol.com
189 NO ISSUES  International Keystone Knights of the Ku Klux Klan http://www.ikkkkk.org/
190 NO ISSUES  III% Security Force http://www.iiisecurityforce.com/
191 NO ISSUES  IHS Press http://www.ihspress.com/index1.htm
192 NO ISSUES  David Horowitz Freedom Center http://www.horowitzfreedomcenter.org/
193 NO ISSUES  Hooligan Street Merch http://www.hooliganstreetmerch.com/
194 NO ISSUES  Heterosexuals Organized for a Moral Environment (H.O.M.E.) http://www.home60515.com
195 NO ISSUES  Hells Headbangers http://www.hellsheadbangers.com/
196 NO ISSUES  Hate Crime Streetwear/Records http://www.hcstreetwear.net/shop/
200 NO ISSUES  Westboro Baptist Church http://www.godhatesfags.com
201 NO ISSUES  Gilad Atzmon http://www.gilad.co.uk/
202 NO ISSUES  Get Some 88 http://www.getsome88.com/
205 NO ISSUES  Foundation for the Marketplace of Ideas http://www.freedomfront.org/
206 NO ISSUES  Family Research Council http://www.frc.org
207 NO ISSUES  Focal Point Publications http://www.fpp.co.uk/
209 NO ISSUES  Fatima Crusader, The/International Fatima Rosary Crusade http://www.fatimacrusader.com/
211 NO ISSUES  Family Research Institute http://www.familyresearchinst.org
212 NO ISSUES  Faithful Word Baptist Church (AZ) http://www.faithfulwordbaptist.org
213 NO ISSUES  Faith Freedom http://www.faithfreedom.org/
215 NO ISSUES  Faith2Action http://www.f2a.org
216 NO ISSUES  Sicarii 1715 http://www.exodus1715.info/
217 NO ISSUES  East Coast Knights http://www.eastcoastknightsofthetrueinvisibleempire.com/
218 NO ISSUES  European-American Evangelistic Crusades http://www.eaec.org/
219 NO ISSUES  D. James Kennedy Ministries http://www.djameskennedy.org
220 NO ISSUES  League of the South http://www.dixienet.org/
221 NO ISSUES  Deir Yassin Remembered http://www.deiryassin.org/
222 NO ISSUES  Abiding Truth Ministries http://www.defendthefamily.com
224 NO ISSUES  Death Oracle Productions http://www.deathoracle.bigcartel.com/
225 NO ISSUES  Culture Wars/Fidelity Press http://www.culturewars.com/
226 NO ISSUES  Cultural Studies Press http://www.culturalstudiespress.com/
228 NO ISSUES  Crew38 & Hammerskin Nation forum http://www.crew38.com/forum38/forum.php
229 NO ISSUES  Covenant People's Ministry http://www.covenantpeoplesministry.org/
234 NO ISSUES  Citizen Warrior http://www.citizenwarrior.com/
235 NO ISSUES  Center for Immigration Studies http://www.cis.org
236 NO ISSUES  Church of Israel http://www.churchofisrael.org/
237 NO ISSUES  Chick Publications http://www.chick.com/
239 NO ISSUES  Chalcedon Foundation http://www.chalcedon.edu
240 NO ISSUES  Catholic Family News/Catholic Family Ministries, Inc. http://www.cfnews.org/
242 NO ISSUES  Concerned Citizens and Friends of Illegal Immigration Law Enforcement http://www.ccfiile.com/
243 NO ISSUES  Catholic Counterpoint http://www.catholiccounterpoint.com/
244 NO ISSUES  Californians for Population Stabilization http://www.capsweb.org
245 NO ISSUES  Colorado Alliance for Immigration Reform http://www.cairco.org
248 NO ISSUES  Campus Ministry, USA, The http://www.brojed.org
250 NO ISSUES  Bomb Islam http://www.bombislam.com/
251 NO ISSUES  Radio Jihad/Global Patriot Radio http://www.blogtalkradio.com/global-patriot-radio
252 NO ISSUES  Bare Naked Islam http://www.barenakedislam.com/
255 NO ISSUES  ATLAH World Missionary Church http://www.atlah.org
256 NO ISSUES  Aryan Terror Brigade http://www.atb318.com/
257 NO ISSUES  Aryan Strikeforce http://www.aryanstrikeforce318.org/
258 NO ISSUES  www.aryanblood.net/ http://www.aryanblood.net/
259 NO ISSUES  Aryan Nations - Louisiana http://www.aryan-nations.org/
261 NO ISSUES  www.aryan-nation.org/ http://www.aryan-nation.org/
262 NO ISSUES  Antipathy Records http://www.antipathyrecords.com/
265 NO ISSUES  America's Promise Ministries http://www.americaspromiseministries.org/
266 NO ISSUES  American Vision http://www.americanvision.org
268 NO ISSUES  American Nazi Party http://www.americannaziparty.com/
269 NO ISSUES  American Freedom Law Center http://www.americanfreedomlawcenter.org/
270 NO ISSUES  American Freedom Alliance http://www.americanfreedomalliance.org/
271 NO ISSUES  American Constitution Center http://www.americanconstitutioncenter.org/
272 NO ISSUES  American Clarion http://www.americanclarion.com/
273 NO ISSUES  American Border Patrol http://www.americanborderpatrol.com
275 NO ISSUES  All Eyes On Egipt Bookstore http://www.alleyesonegiptchgo.webs.com/
276 NO ISSUES  Americans for Legal Immigration (ALIPAC) http://www.alipac.us
277 NO ISSUES  Tony Alamo Christian Ministries http://www.alamoministries.com/content/english/
278 NO ISSUES  Aggressive Christianity http://www.aggressivechristianity.net/
279 NO ISSUES  American Family Association Pennsylvania http://www.afaofpa.org
280 NO ISSUES  American Family Association http://www.afa.net
281 NO ISSUES  All Eyes On Egypt Bookstore http://www.aeoebookstore.com/
282 NO ISSUES  Alliance Defending Freedom http://www.adflegal.org
283 NO ISSUES  Foundation for Advancing Christian Truth http://www.acts17.net/
284 NO ISSUES  ACT for America http://www.actforamerica.org/
285 NO ISSUES  American College of Pediatricians http://www.acpeds.org
286 NO ISSUES  a2z Publications http://www.a2zpublications.com/
287 NO ISSUES  whitereference.blogspot.hu/ http://whitereference.blogspot.hu/
290 NO ISSUES  whitenations.com/ http://whitenations.com/
292 NO ISSUES  Werewolf 88 http://werwolf88radio.blogspot.com/
293 NO ISSUES  War On The Horizon http://waronthehorizon.com/
295 NO ISSUES  Reformation-Bible Puritan-Baptist Church/Vatican Assassins http://vaticanassassins.org/
297 NO ISSUES  United Northern and Southern Knights of the Ku Klux Klan http://unskkkk.com/
298 NO ISSUES  United Riot Records http://unitedriotrecords.blogspot.com/
300 NO ISSUES  Understanding the Threat http://understandingthethreat.com/
303 NO ISSUES  National Prayer Network http://truthtellers.org/index.html
304 NO ISSUES  Traditionalist American Knights of the Ku Klux Klan http://traditionalistamericanknights.com/
305 NO ISSUES  Tightrope Records http://tightrope.cc/catalog/
306 NO ISSUES  The Watchman files http://thewatermanfiles.com/
307 NO ISSUES  United West, The http://theunitedwest.org/
309 NO ISSUES  The Realist Report http://therealistreport.com/
311 NO ISSUES  Supreme White Alliance http://swa43.com/
312 NO ISSUES  Sultan Knish a blog by Daniel Greenfield http://sultanknish.blogspot.com/
314 NO ISSUES  Nation Of Islam http://stocktonnoi.wix.com/info#!__stockton---nation-of-islam/contact
315 NO ISSUES  Stalhelm Records http://stahlhelmrecords.tumblr.com/
317 NO ISSUES  Holy Nation of Odin http://sonsofodin1519.org/
318 NO ISSUES  Sons of Liberty Media (formerly You Can Run But You Cannot Hide) http://sonsoflibertymedia.com/
319 NO ISSUES  Nation of Islam http://shondelenterprise.wix.com/mosque-97#!contact
320 NO ISSUES  Sharkhunters International http://sharkhunters.com/
321 NO ISSUES  Secure Michigan http://securemichigan.org/
322 NO ISSUES  Christogenea http://saxonmessenger.christogenea.org/about
323 NO ISSUES  As-Sabiqun http://sabiqun.org/
325 NO ISSUES  Refugee Resettlement Watch http://refugeeresettlementwatch.wordpress.com/
326 NO ISSUES  Rebel Brigade Knights of the Ku Klux Klan http://rebelbrigadeknightstrueinvisibleempire.yolasite.com
327 NO ISSUES  Micetrap Distribution http://radiowhite.net/
328 NO ISSUES  Ozark Craft LC http://puttroopsontheborder.com/ozarkcraft.html
329 NO ISSUES  Pig Blood Bullets http://pigbloodbullets.com/
330 NO ISSUES  Parasitic Records http://parasiticrecords.blogspot.com/
332 NO ISSUES  OSI Temple http://osi-temple.blogspot.com/
333 NO ISSUES  Darkness Attacks Records http://officialblackwitchery.bigcartel.com/
335 NO ISSUES  NSM88 Records http://nsm88records.com/theshop/
336 NO ISSUES  Northwest Front http://northwestfront.org/
337 NO ISSUES  Nation of Islam http://noiwinstonsalem.wixsite.com/wsstudygroup/services
338 NO ISSUES  Nation of Islam http://noiwinstonsalem.wixsite.com/wsstudygroup/about2
339 NO ISSUES  Nation of Islam http://noirochester.org/
341 NO ISSUES  Nation of Islam http://noicolumbus.org/
343 NO ISSUES  Nation of Islam http://noiatlanta.org/
344 NO ISSUES  Christ Assembly http://newensign.christsassembly.com/
347 NO ISSUES  Nation of Islam http://muhammadstemple12.faithweb.com/
348 NO ISSUES  Nation of Islam http://muhammadmosque8.com/
349 NO ISSUES  Nation of Islam http://muhammadmosque69.blogspot.com/
350 NO ISSUES  Nation of Islam http://muhammadmosque24.webs.com/
351 NO ISSUES  MSR Productions http://msrproductions.com/
352 NO ISSUES  Nation of Islam http://mosque74.org/
354 NO ISSUES  Christogenea http://mk.christogenea.org/
355 NO ISSUES  Mississippi White Kngihts http://mississippiwhiteknights.com/firstpage.htm
356 NO ISSUES  Parasitic Records http://midnightbloodentertainment.blogspot.com/
357 NO ISSUES  Maryland National Socialist Party http://mdnaziparty.blogspot.com/
359 NO ISSUES  Bill Keller Ministries http://liveprayer.com/index.cfm
360 NO ISSUES  Lincoln County Citizen Action Network http://lincolncountycan.com/
361 NO ISSUES  League of the South http://leagueofthesouth.com/
362 NO ISSUES  Ku Klos Knights of the Ku Klux Klan http://kuklosknights.com/
365 NO ISSUES  Kinsman Redeemer Ministries http://kinsmanredeemer.com/
366 NO ISSUES  Kentucky League of the South http://kentuckyleagueofthesouth.webs.com/
367 NO ISSUES  Israel United In Christ http://israelunite.org/
368 NO ISSUES  In the Spirit of Chartres Committee http://isoc.ws/
369 NO ISSUES  Islamthreat.com http://islamthreat.com/
370 NO ISSUES  Institute for Historical Review http://ihr.org/
371 NO ISSUES  IHM Media http://ihmmedia.net/
372 NO ISSUES  H.L. Mencken Club http://hlmenckenclub.org/
373 NO ISSUES  Heathens Motorcycle Club http://heathensmf.com/
374 NO ISSUES  Crew38 & Hammerskin Nation website http://hammerskins.net/
375 NO ISSUES  Great Lakes Knights http://greatlakesknights.my-free.website/
376 NO ISSUES  Germar Rudolf http://germarrudolf.com
377 NO ISSUES  Florida League of the South http://freeflorida.org/
378 NO ISSUES  Florida United http://floridaunited.weebly.com/
379 NO ISSUES  Fellowship of God's Covenant People http://fgcp.org/
380 NO ISSUES  Bosch Fawstin http://fawstin.blogspot.com/
383 NO ISSUES  Euro Folk Radio http://eurofolkradio.com/
384 NO ISSUES  Non-Universal Teaching Ministries http://emahiser.christogenea.org/
385 NO ISSUES  Heritage and Destiny http://efp.org.uk/
386 NO ISSUES  Yahweh's Truth http://doctorjamespwickstrom.blogspot.com/
390 NO ISSUES  Desastrious Records http://desastrious.blogspot.com/
391 NO ISSUES  Deir Yassin Remembered http://deiryassinuk.webeden.co.uk/
392 NO ISSUES  David James Boston http://davidjamesboston.com/Home/
396 NO ISSUES  Covenant People's Ministry http://covenantpeoplesministry.org/cpm/wp/
397 NO ISSUES  CCC http://conservative-headlines.com/
399 NO ISSUES  Christ Assembly http://christsassembly.com/
400 NO ISSUES  Christ or Chaos http://christorchaos.com/
401 NO ISSUES  Christogenea http://christogenea.org/
402 NO ISSUES  Christian Identity Church http://christianidentitychurch.net/
403 NO ISSUES  Christian Action Network http://christianaction.org/
405 NO ISSUES  Slaves of the Immaculate Heart of Mary http://catholicism.org/
406 NO ISSUES  Brother Nathanael Foundation, The http://brothernathanaelfoundation.org/
410 NO ISSUES  Parasitic Records http://bandcamp.com/tag/parasitic-records
412 NO ISSUES  Nation of Islam http://asgsouthwest.blogspot.com/2010/05/nation-of-islam-meeting-times.html
414 NO ISSUES  Anglo-Saxon Israel http://anglo-saxonisrael.com/
416 NO ISSUES  America's Promise Ministries http://amprom.org
417 NO ISSUES  American Viking Clothing http://americanvikings.us
418 NO ISSUES  American Viking Clothing http://americanvikings.com/
419 NO ISSUES  American Free Press http://americanfreepress.net/
420 NO ISSUES  American Freedom Union http://americanfreedomunion.com/
421 NO ISSUES  American Eagle Party http://americaneagleparty.com/
423 NO ISSUES  Nation of Islam http://addr.ws/the-nation-of-islam-lexington-ky-study-group--lexington-us.html
424 NO ISSUES  Active Democracy http://active-democracy.com/
425 NO ISSUES  Black Riders Liberation Party http://2servethapeople.wixsite.com/brlp
